<?xml version="1.0" encoding="UTF-8"?>
<!-- Generated by org.testng.reporters.JUnitXMLReporter -->
<testsuite ignored="1" hostname="LAPTOP-UHF70JGM" failures="0" tests="1" name="Default test" time="34.266" errors="0" timestamp="05 Jul 2021 13:37:54 GMT">
  <testcase classname="storelocatorTestCases.findStore" name="findStoreByZipCode" time="21.166"/>
  <testcase classname="storelocatorTestCases.findStore" name="findStoreCity" time="0.0">
    <ignored/>
  </testcase> <!-- findStoreCity -->
</testsuite> <!-- Default test -->
