<?xml version="1.0" encoding="UTF-8"?>
<testng-results ignored="1" total="2" passed="1" failed="0" skipped="0">
  <reporter-output>
    <line>
      <![CDATA[Launching Browser with URL https://www.nike.com/]]>
    </line>
    <line>
      <![CDATA[Clicking Find a Store Link]]>
    </line>
    <line>
      <![CDATA[Searching by  63017]]>
    </line>
    <line>
      <![CDATA[Clicking Find Button]]>
    </line>
    <line>
      <![CDATA[Actual City and Validation City match. Actual City :Chesterfield,  Validation City : Chesterfield]]>
    </line>
  </reporter-output>
  <suite started-at="2021-07-05T13:37:19Z" name="Default suite" finished-at="2021-07-05T13:37:53Z" duration-ms="34266">
    <groups>
    </groups>
    <test started-at="2021-07-05T13:37:19Z" name="Default test" finished-at="2021-07-05T13:37:53Z" duration-ms="34266">
      <class name="storelocatorTestCases.findStore">
        <test-method is-config="true" signature="openBrowser()[pri:0, instance:storelocatorTestCases.findStore@3745e5c6]" started-at="2021-07-05T13:37:19Z" name="openBrowser" finished-at="2021-07-05T13:37:32Z" duration-ms="12676" status="PASS">
          <reporter-output>
            <line>
              <![CDATA[Launching Browser with URL https://www.nike.com/]]>
            </line>
          </reporter-output>
        </test-method> <!-- openBrowser -->
        <test-method signature="findStoreByZipCode()[pri:0, instance:storelocatorTestCases.findStore@3745e5c6]" started-at="2021-07-05T13:37:32Z" name="findStoreByZipCode" finished-at="2021-07-05T13:37:53Z" duration-ms="21166" status="PASS">
          <reporter-output>
            <line>
              <![CDATA[Clicking Find a Store Link]]>
            </line>
            <line>
              <![CDATA[Searching by  63017]]>
            </line>
            <line>
              <![CDATA[Clicking Find Button]]>
            </line>
            <line>
              <![CDATA[Actual City and Validation City match. Actual City :Chesterfield,  Validation City : Chesterfield]]>
            </line>
          </reporter-output>
        </test-method> <!-- findStoreByZipCode -->
        <test-method is-config="true" signature="tearDown()[pri:0, instance:storelocatorTestCases.findStore@3745e5c6]" started-at="2021-07-05T13:37:53Z" name="tearDown" finished-at="2021-07-05T13:37:53Z" duration-ms="395" status="PASS">
          <reporter-output>
          </reporter-output>
        </test-method> <!-- tearDown -->
      </class> <!-- storelocatorTestCases.findStore -->
    </test> <!-- Default test -->
  </suite> <!-- Default suite -->
</testng-results>
